<?xml version="1.0" encoding="UTF-8"?>
<testsuite name="pascal.taie.analysis.dataflow.analysis.constprop.InterCPTest" tests="1" skipped="0" failures="0" errors="0" timestamp="2023-09-11T06:20:28" hostname="LAPTOP-KBUS4ACO" time="4.942">
  <properties/>
  <testcase name="testMultiIntArgs" classname="pascal.taie.analysis.dataflow.analysis.constprop.InterCPTest" time="4.942"/>
  <system-out><![CDATA[Tai-e starts ...
Writing options to output\options.yml
Writing analysis plan to output\tai-e-plan.yml
WorldBuilder starts ...
9823 classes with 97545 methods in the world
WorldBuilder finishes, elapsed time: 4.25s
throw starts ...
1 classes in scope (app) of class analyses
4 methods in scope (app) of method analyses
throw finishes, elapsed time: 0.04s
cfg starts ...
cfg finishes, elapsed time: 0.01s
cg starts ...
cg finishes, elapsed time: 0.01s
icfg starts ...
icfg finishes, elapsed time: 0.01s
inter-constprop starts ...
inter-constprop finishes, elapsed time: 0.02s
process-result starts ...
process-result finishes, elapsed time: 0.02s
Tai-e finishes, elapsed time: 4.54s
]]></system-out>
  <system-err><![CDATA[]]></system-err>
</testsuite>
